<?xml version="1.0" encoding="UTF-8"?>
<!-- Generated by org.testng.reporters.JUnitReportReporter -->
<testsuite hostname="Galinas-Air" name="com.sqa.gy.TestWithDataFromFiles" tests="5" failures="0" timestamp="10 Feb 2017 04:54:12 GMT" time="16.555" errors="0">
  <testcase name="testAmazonNew" time="3.049" classname="com.sqa.gy.TestWithDataFromFiles"/>
  <testcase name="testAmazonNew" time="3.818" classname="com.sqa.gy.TestWithDataFromFiles"/>
  <testcase name="testAmazonNew" time="3.035" classname="com.sqa.gy.TestWithDataFromFiles"/>
  <testcase name="testAmazonNew" time="3.420" classname="com.sqa.gy.TestWithDataFromFiles"/>
  <testcase name="testAmazonNew" time="3.233" classname="com.sqa.gy.TestWithDataFromFiles"/>
</testsuite> <!-- com.sqa.gy.TestWithDataFromFiles -->
